[05Jun2024 00:00:30.985] [Server thread/INFO] [net.minecraft.client.server.IntegratedServer/]: Saving and pausing game...
[05Jun2024 00:00:31.151] [Server thread/INFO] [net.minecraft.server.MinecraftServer/]: Saving chunks for level 'ServerLevel[Desertia]'/minecraft:overworld
[05Jun2024 00:00:31.168] [Server thread/INFO] [net.minecraft.server.MinecraftServer/]: Saving chunks for level 'ServerLevel[Desertia]'/sgjourney:chulak
[05Jun2024 00:00:31.172] [Server thread/INFO] [net.minecraft.server.MinecraftServer/]: Saving chunks for level 'ServerLevel[Desertia]'/sgjourney:abydos
[05Jun2024 00:00:31.180] [Server thread/INFO] [net.minecraft.server.MinecraftServer/]: Saving chunks for level 'ServerLevel[Desertia]'/sgjourney:lantea
[05Jun2024 00:00:31.183] [Server thread/INFO] [net.minecraft.server.MinecraftServer/]: Saving chunks for level 'ServerLevel[Desertia]'/minestuck:skaia
[05Jun2024 00:00:31.187] [Server thread/INFO] [net.minecraft.server.MinecraftServer/]: Saving chunks for level 'ServerLevel[Desertia]'/minecraft:the_end
[05Jun2024 00:00:31.195] [Server thread/INFO] [net.minecraft.server.MinecraftServer/]: Saving chunks for level 'ServerLevel[Desertia]'/overworldmirror:overworld
[05Jun2024 00:00:31.202] [Server thread/INFO] [net.minecraft.server.MinecraftServer/]: Saving chunks for level 'ServerLevel[Desertia]'/sgjourney:cavum_tenebrae
[05Jun2024 00:00:31.203] [Server thread/INFO] [net.minecraft.server.MinecraftServer/]: Saving chunks for level 'ServerLevel[Desertia]'/minecraft:the_nether
[05Jun2024 00:01:07.064] [Server thread/INFO] [net.minecraft.client.server.IntegratedServer/]: Saving and pausing game...
[05Jun2024 00:01:07.080] [Server thread/INFO] [net.minecraft.server.MinecraftServer/]: Saving chunks for level 'ServerLevel[Desertia]'/minecraft:overworld
[05Jun2024 00:01:07.089] [Server thread/INFO] [net.minecraft.server.MinecraftServer/]: Saving chunks for level 'ServerLevel[Desertia]'/sgjourney:chulak
[05Jun2024 00:01:07.091] [Server thread/INFO] [net.minecraft.server.MinecraftServer/]: Saving chunks for level 'ServerLevel[Desertia]'/sgjourney:abydos
[05Jun2024 00:01:07.093] [Server thread/INFO] [net.minecraft.server.MinecraftServer/]: Saving chunks for level 'ServerLevel[Desertia]'/sgjourney:lantea
[05Jun2024 00:01:07.095] [Server thread/INFO] [net.minecraft.server.MinecraftServer/]: Saving chunks for level 'ServerLevel[Desertia]'/minestuck:skaia
[05Jun2024 00:01:07.096] [Server thread/INFO] [net.minecraft.server.MinecraftServer/]: Saving chunks for level 'ServerLevel[Desertia]'/minecraft:the_end
[05Jun2024 00:01:07.098] [Server thread/INFO] [net.minecraft.server.MinecraftServer/]: Saving chunks for level 'ServerLevel[Desertia]'/overworldmirror:overworld
[05Jun2024 00:01:07.101] [Server thread/INFO] [net.minecraft.server.MinecraftServer/]: Saving chunks for level 'ServerLevel[Desertia]'/sgjourney:cavum_tenebrae
[05Jun2024 00:01:07.102] [Server thread/INFO] [net.minecraft.server.MinecraftServer/]: Saving chunks for level 'ServerLevel[Desertia]'/minecraft:the_nether
[05Jun2024 00:01:43.335] [Server thread/INFO] [net.minecraft.client.server.IntegratedServer/]: Saving and pausing game...
[05Jun2024 00:01:43.357] [Server thread/INFO] [net.minecraft.server.MinecraftServer/]: Saving chunks for level 'ServerLevel[Desertia]'/minecraft:overworld
[05Jun2024 00:01:43.363] [Server thread/INFO] [net.minecraft.server.MinecraftServer/]: Saving chunks for level 'ServerLevel[Desertia]'/sgjourney:chulak
[05Jun2024 00:01:43.364] [Server thread/INFO] [net.minecraft.server.MinecraftServer/]: Saving chunks for level 'ServerLevel[Desertia]'/sgjourney:abydos
[05Jun2024 00:01:43.365] [Server thread/INFO] [net.minecraft.server.MinecraftServer/]: Saving chunks for level 'ServerLevel[Desertia]'/sgjourney:lantea
[05Jun2024 00:01:43.365] [Server thread/INFO] [net.minecraft.server.MinecraftServer/]: Saving chunks for level 'ServerLevel[Desertia]'/minestuck:skaia
[05Jun2024 00:01:43.366] [Server thread/INFO] [net.minecraft.server.MinecraftServer/]: Saving chunks for level 'ServerLevel[Desertia]'/minecraft:the_end
[05Jun2024 00:01:43.368] [Server thread/INFO] [net.minecraft.server.MinecraftServer/]: Saving chunks for level 'ServerLevel[Desertia]'/overworldmirror:overworld
[05Jun2024 00:01:43.373] [Server thread/INFO] [net.minecraft.server.MinecraftServer/]: Saving chunks for level 'ServerLevel[Desertia]'/sgjourney:cavum_tenebrae
[05Jun2024 00:01:43.375] [Server thread/INFO] [net.minecraft.server.MinecraftServer/]: Saving chunks for level 'ServerLevel[Desertia]'/minecraft:the_nether
[05Jun2024 00:03:38.277] [Render thread/INFO] [net.minecraft.advancements.AdvancementList/]: Loaded 521 advancements
[05Jun2024 00:08:53.684] [Server thread/INFO] [net.minecraft.client.server.IntegratedServer/]: Saving and pausing game...
[05Jun2024 00:08:53.770] [Server thread/INFO] [net.minecraft.server.MinecraftServer/]: Saving chunks for level 'ServerLevel[Desertia]'/minecraft:overworld
[05Jun2024 00:08:53.813] [Server thread/INFO] [net.minecraft.server.MinecraftServer/]: Saving chunks for level 'ServerLevel[Desertia]'/sgjourney:chulak
[05Jun2024 00:08:53.817] [Server thread/INFO] [net.minecraft.server.MinecraftServer/]: Saving chunks for level 'ServerLevel[Desertia]'/sgjourney:abydos
[05Jun2024 00:08:53.832] [Server thread/INFO] [net.minecraft.server.MinecraftServer/]: Saving chunks for level 'ServerLevel[Desertia]'/sgjourney:lantea
[05Jun2024 00:08:53.834] [Server thread/INFO] [net.minecraft.server.MinecraftServer/]: Saving chunks for level 'ServerLevel[Desertia]'/minestuck:skaia
[05Jun2024 00:08:53.837] [Server thread/INFO] [net.minecraft.server.MinecraftServer/]: Saving chunks for level 'ServerLevel[Desertia]'/minecraft:the_end
[05Jun2024 00:08:53.840] [Server thread/INFO] [net.minecraft.server.MinecraftServer/]: Saving chunks for level 'ServerLevel[Desertia]'/overworldmirror:overworld
[05Jun2024 00:08:53.853] [Server thread/INFO] [net.minecraft.server.MinecraftServer/]: Saving chunks for level 'ServerLevel[Desertia]'/sgjourney:cavum_tenebrae
[05Jun2024 00:08:53.858] [Server thread/INFO] [net.minecraft.server.MinecraftServer/]: Saving chunks for level 'ServerLevel[Desertia]'/minecraft:the_nether
[05Jun2024 00:08:54.788] [Render thread/INFO] [mezz.jei.forge.startup.StartEventObserver/]: JEI StartEventObserver received class net.minecraftforge.client.event.ClientPlayerNetworkEvent$LoggingOut
[05Jun2024 00:08:54.789] [Render thread/INFO] [mezz.jei.forge.startup.StartEventObserver/]: JEI StartEventObserver transitioning state from JEI_STARTED to DISABLED
[05Jun2024 00:08:54.790] [Render thread/INFO] [mezz.jei.library.startup.JeiStarter/]: Stopping JEI
[05Jun2024 00:08:54.796] [Render thread/INFO] [mezz.jei.library.load.PluginCaller/]: Sending Runtime Unavailable...
[05Jun2024 00:08:54.802] [Render thread/INFO] [mezz.jei.forge.plugins.forge.ForgeGuiPlugin/]: Stopping JEI GUI
[05Jun2024 00:08:54.816] [Render thread/INFO] [mezz.jei.library.load.PluginCaller/]: Sending Runtime Unavailable took 16.33 ms
[05Jun2024 00:08:54.856] [Server thread/INFO] [net.minecraft.server.network.ServerGamePacketListenerImpl/]: shinyjiggly lost connection: Disconnected
[05Jun2024 00:08:54.861] [Server thread/INFO] [net.minecraft.server.MinecraftServer/]: shinyjiggly left the game
[05Jun2024 00:08:54.935] [Server thread/INFO] [net.minecraft.server.network.ServerGamePacketListenerImpl/]: Stopping singleplayer server as player logged out
[05Jun2024 00:08:55.264] [Server thread/INFO] [net.minecraft.server.MinecraftServer/]: Stopping server
[05Jun2024 00:08:55.272] [Server thread/INFO] [net.minecraft.server.MinecraftServer/]: Saving players
[05Jun2024 00:08:55.273] [Server thread/INFO] [net.minecraft.server.MinecraftServer/]: Saving worlds
[05Jun2024 00:08:55.496] [Server thread/INFO] [net.minecraft.server.MinecraftServer/]: Saving chunks for level 'ServerLevel[Desertia]'/minecraft:overworld
[05Jun2024 00:08:55.623] [Server thread/INFO] [net.minecraft.server.MinecraftServer/]: Saving chunks for level 'ServerLevel[Desertia]'/sgjourney:chulak
[05Jun2024 00:08:55.628] [Server thread/INFO] [net.minecraft.server.MinecraftServer/]: Saving chunks for level 'ServerLevel[Desertia]'/sgjourney:abydos
[05Jun2024 00:08:55.630] [Server thread/INFO] [net.minecraft.server.MinecraftServer/]: Saving chunks for level 'ServerLevel[Desertia]'/sgjourney:lantea
[05Jun2024 00:08:55.635] [Server thread/INFO] [net.minecraft.server.MinecraftServer/]: Saving chunks for level 'ServerLevel[Desertia]'/minestuck:skaia
[05Jun2024 00:08:55.638] [Server thread/INFO] [net.minecraft.server.MinecraftServer/]: Saving chunks for level 'ServerLevel[Desertia]'/minecraft:the_end
[05Jun2024 00:08:55.640] [Server thread/INFO] [net.minecraft.server.MinecraftServer/]: Saving chunks for level 'ServerLevel[Desertia]'/overworldmirror:overworld
[05Jun2024 00:08:55.687] [Server thread/INFO] [net.minecraft.server.MinecraftServer/]: Saving chunks for level 'ServerLevel[Desertia]'/sgjourney:cavum_tenebrae
[05Jun2024 00:08:55.690] [Server thread/INFO] [net.minecraft.server.MinecraftServer/]: Saving chunks for level 'ServerLevel[Desertia]'/minecraft:the_nether
[05Jun2024 00:08:55.793] [Server thread/INFO] [net.minecraft.server.MinecraftServer/]: ThreadedAnvilChunkStorage (Desertiaaa): All chunks are saved
[05Jun2024 00:08:55.794] [Server thread/INFO] [net.minecraft.server.MinecraftServer/]: ThreadedAnvilChunkStorage (chulak): All chunks are saved
[05Jun2024 00:08:55.796] [Server thread/INFO] [net.minecraft.server.MinecraftServer/]: ThreadedAnvilChunkStorage (abydos): All chunks are saved
[05Jun2024 00:08:55.796] [Server thread/INFO] [net.minecraft.server.MinecraftServer/]: ThreadedAnvilChunkStorage (lantea): All chunks are saved
[05Jun2024 00:08:55.796] [Server thread/INFO] [net.minecraft.server.MinecraftServer/]: ThreadedAnvilChunkStorage (skaia): All chunks are saved
[05Jun2024 00:08:55.796] [Server thread/INFO] [net.minecraft.server.MinecraftServer/]: ThreadedAnvilChunkStorage (DIM1): All chunks are saved
[05Jun2024 00:08:55.796] [Server thread/INFO] [net.minecraft.server.MinecraftServer/]: ThreadedAnvilChunkStorage (overworld): All chunks are saved
[05Jun2024 00:08:55.796] [Server thread/INFO] [net.minecraft.server.MinecraftServer/]: ThreadedAnvilChunkStorage (cavum_tenebrae): All chunks are saved
[05Jun2024 00:08:55.797] [Server thread/INFO] [net.minecraft.server.MinecraftServer/]: ThreadedAnvilChunkStorage (DIM-1): All chunks are saved
[05Jun2024 00:08:55.797] [Server thread/INFO] [net.minecraft.server.MinecraftServer/]: ThreadedAnvilChunkStorage: All dimensions are saved
[05Jun2024 00:09:02.060] [Render thread/INFO] [net.minecraft.client.Minecraft/]: Stopping!
