[14:19:17] [Render thread/INFO] [JMLogger] JourneyMap log initialized.
[14:19:17] [Render thread/INFO] [JourneymapClient] initialize ENTER
[14:19:17] [Render thread/INFO] [ClientAPI] [ClientAPI] built with JourneyMap API 1.9-SNAPSHOT
[14:19:17] [Render thread/INFO] [PluginHelper] Initializing plugins with Client API: journeymap.client.api.impl.ClientAPI
[14:19:17] [Render thread/DEBUG] [JourneymapClient] Loading and Generating Journeymap configs
[14:19:18] [Render thread/INFO] [?] Version: JourneyMap 1.20.1-5.9.18p1, built with forge 1.20.1-47.1.46
forge: 47.2.0
Environment: os.name, os.arch, java.version, user.country, user.language=null, game language=en_us, locale=en_us
Features: 
	RadarPlayers : singleplayer = true , multiplayer = true
	RadarAnimals : singleplayer = true , multiplayer = true
	RadarMobs : singleplayer = true , multiplayer = true
	RadarVillagers : singleplayer = true , multiplayer = true
	MapTopo : singleplayer = true , multiplayer = true
	MapSurface : singleplayer = true , multiplayer = true
	MapCaves : singleplayer = true , multiplayer = true
	MapBiome : singleplayer = true , multiplayer = true
MiniMapProperties{state=Valid, file=journeymap.minimap.config, configVersion=5.9.18p1, zoomLevel=0, compassFontScale=1.0, terrainAlpha=100, showEntityNames=true, positionX=0.9, positionY=0.25, effectVertical=false, showPlayerHeading=true, sizePercent=30, playerDisplayScale=1.0, showDayNight=true, showPets=true, preferredMapType=day, showCompass=true, mobDisplay=jm.common.entity_display.dots, systemTimeRealFormat=HH:mm:ss, shape=jm.minimap.shape_circle, showSelf=true, selfDisplayScale=1.0, showGrid=true, reticleOrientation=jm.minimap.orientation.compass, gameTimeRealFormat=HH:mm:ss, effectTranslateX=-305, showWaypoints=true, minimapKeyMovementSpeed=0.001, showAnimals=true, infoSlotAlpha=0.7, effectTranslateY=0, showWaypointLabels=true, moveEffectIcons=true, position=jm.minimap.position_topright, fontScale=1.0, showPlayers=true, waypointIconScale=1.0, frameAlpha=100, effectReversed=false, backgroundAlpha=0.8, enabled=true, showVillagers=true, info2Label=jm.theme.labelsource.gametime, info3Label=jm.theme.labelsource.location, showMobs=true, waypointLabelScale=1.0, showReticle=true, orientation=jm.minimap.orientation.north, info4Label=jm.theme.labelsource.biome, locationFormat=xzyv, playerDisplay=jm.common.entity_display.dots, mobDisplayScale=1.0, showCaves=true, showMobHeading=true, locationFormatVerbose=true, info1Label=jm.theme.labelsource.blank}
MiniMapProperties{state=Valid, file=journeymap.minimap2.config, configVersion=5.9.18p1, zoomLevel=0, compassFontScale=1.0, terrainAlpha=100, showEntityNames=true, positionX=0.9, positionY=0.25, effectVertical=false, showPlayerHeading=true, sizePercent=30, playerDisplayScale=1.0, showDayNight=true, showPets=true, preferredMapType=day, showCompass=true, mobDisplay=jm.common.entity_display.dots, systemTimeRealFormat=HH:mm:ss, shape=jm.minimap.shape_rectangle, showSelf=true, selfDisplayScale=1.0, showGrid=true, reticleOrientation=jm.minimap.orientation.compass, gameTimeRealFormat=HH:mm:ss, effectTranslateX=0, showWaypoints=true, minimapKeyMovementSpeed=0.001, showAnimals=true, infoSlotAlpha=0.7, effectTranslateY=0, showWaypointLabels=true, moveEffectIcons=true, position=jm.minimap.position_topright, fontScale=1.0, showPlayers=true, waypointIconScale=1.0, frameAlpha=100, effectReversed=false, backgroundAlpha=0.8, enabled=true, showVillagers=true, info2Label=jm.theme.labelsource.gametime, info3Label=jm.theme.labelsource.location, showMobs=true, waypointLabelScale=1.0, showReticle=true, orientation=jm.minimap.orientation.north, info4Label=jm.theme.labelsource.biome, locationFormat=xzyv, playerDisplay=jm.common.entity_display.dots, mobDisplayScale=1.0, showCaves=true, showMobHeading=true, locationFormatVerbose=true, info1Label=jm.theme.labelsource.blank}
FullMapProperties{state=Valid, file=journeymap.fullmap.config, configVersion=5.9.18p1, zoomLevel=3, showPlayers=true, waypointIconScale=1.0, showEntityNames=true, showPlayerHeading=true, showVillagers=true, showPlayerLoc=true, showKeys=true, playerDisplayScale=1.0, showMobs=true, showPets=true, waypointLabelScale=1.0, preferredMapType=day, mobDisplay=jm.common.entity_display.dots, showSelf=true, locationFormat=xzyv, playerDisplay=jm.common.entity_display.dots, mobDisplayScale=1.0, selfDisplayScale=1.0, showGrid=true, showMouseLoc=true, showWaypoints=true, showCaves=true, showAnimals=true, showMobHeading=true, showWaypointLabels=true, locationFormatVerbose=true, fontScale=1.0}
WaypointProperties{state=Valid, file=journeymap.waypoint.config, configVersion=5.9.18p1, autoRemoveDeathpointDistance=2, dateFormat=MM-dd-yyyy, autoRemoveDeathpoints=false, fullscreenDoubleClickToCreate=true, managerDimensionFocus=false, minDistance=4, boldLabel=false, textureSmall=true, showDeathpointlabel=true, beaconEnabled=true, createDeathpoints=true, showName=true, disableStrikeThrough=false, maxDistance=0, autoHideLabel=true, autoRemoveTempWaypoints=2, teleportCommand=/tp {name} {x} {y} {z}, showStaticBeam=true, shaderBeacon=false, timeFormat=HH:mm:ss, showDeviationLabel=false, showDistance=true, showRotatingBeam=true, fontScale=2.0, showTexture=true, managerEnabled=true}
WebMapProperties{state=Valid, file=journeymap.webmap.config, configVersion=5.9.18p1, port=8080, enabled=false}
CoreProperties{state=Valid, file=journeymap.core.config, configVersion=5.9.18p1, verboseColorPalette=false, maxPlayersData=32, mapSurfaceAboveCaves=true, dataCachingEnabled=true, optionsManagerViewed=5.9.18p1, announceMod=true, colorPassive=#bbbbbb, mapBlendWater=false, renderDistanceSurfaceMax=0, seedId=false, radarVerticalDistance=16, mapBlendGrass=true, recordCacheStats=false, hideSneakingEntities=true, revealShape=jm.minimap.shape_circle, mapBiome=true, alwaysMapSurface=false, colorVillager=#88e188, mapPlants=false, colorPet=#0077ff, radarLateralDistance=64, mapBathymetry=false, mapCrops=true, maxMobsData=32, mapPlantShadows=false, alwaysMapCaves=false, checkUpdates=true, mapBlendFoliage=true, hideSpectators=false, mappingEnabled=true, colorPlayer=#ffffff, tileHighDisplayQuality=true, cacheVillagersData=2200, logLevel=INFO, maxVillagersData=32, mapWaterBiomeColors=false, maxAnimalsData=32, mapTransparency=true, caveBlackAsClear=false, tileRenderType=1, caveIgnoreGlass=true, mapTopography=true, renderDistanceCaveMax=0, mapAntialiasing=true, colorSelf=#0000ff, cachePlayersData=2000, cacheMobsData=3000, cachePlayerData=1000, splashViewed=5.9.18p1, colorHostile=#ff0000, cacheAnimalsData=3100, themeName=OceanMonument, mapCaveLighting=true, renderDelay=2, glErrorChecking=false, autoMapPoll=2000}
[14:19:18] [Render thread/DEBUG] [ForgeEventHandlerManager] Handler registered: journeymap.client.event.forge.ForgeKeyEvents
[14:19:18] [Render thread/DEBUG] [ForgeEventHandlerManager] Handler registered: journeymap.client.event.forge.ForgeChatEvents
[14:19:18] [Render thread/DEBUG] [ForgeEventHandlerManager] Handler registered: journeymap.client.event.forge.ForgeHudOverlayEvents
[14:19:18] [Render thread/DEBUG] [ForgeEventHandlerManager] Handler registered: journeymap.client.event.forge.ForgeWorldEvent
[14:19:18] [Render thread/DEBUG] [ForgeEventHandlerManager] Handler registered: journeymap.client.event.forge.ForgeChunkEvents
[14:19:18] [Render thread/DEBUG] [ForgeEventHandlerManager] Handler registered: journeymap.client.event.forge.ForgeClientTickEvent
[14:19:18] [Render thread/DEBUG] [ForgeEventHandlerManager] Handler registered: journeymap.client.event.forge.ForgeRenderLevelLastEvent
[14:19:18] [Render thread/DEBUG] [ForgeEventHandlerManager] Handler registered: journeymap.client.event.forge.ForgeLoggedInEvent
[14:19:18] [Render thread/DEBUG] [ForgeEventHandlerManager] Handler registered: journeymap.client.event.forge.ForgeTextureStitchedEvent
[14:19:18] [Render thread/DEBUG] [ForgeEventHandlerManager] Handler registered: journeymap.client.event.forge.ForgePopupCustomEvents
[14:19:18] [Render thread/INFO] [JourneymapClient] initialize EXIT, elapsed count 1 avg 417.67ms
[14:19:23] [Render thread/INFO] [JourneymapClient] Journeymap PostInit
[14:19:23] [Render thread/DEBUG] [JourneymapClient] postInitialize ENTER
[14:19:23] [Render thread/TRACE] [ThemeLoader] Initializing themes ...
[14:19:24] [Render thread/INFO] [ThemeLoader] Preloaded theme textures: 73
[14:19:24] [Render thread/INFO] [JourneymapClient] postInitialize EXIT, elapsed count 1 avg 327.83ms
[14:19:24] [JM-VersionCheck-1/INFO] [VersionCheck] Newer version online: JourneyMap 5.9.23 for Minecraft 1.20.1 on https://www.curseforge.com/minecraft/mc-mods/journeymap/files/5401131
[14:19:44] [Server thread/INFO] [ForgeConfig] Loading JourneyMap Forge Configs
[14:20:21] [Render thread/INFO] [WaypointStore] Loaded 1 waypoints from C:\Users\agent\AppData\Roaming\PrismLauncher\instances\Dungeon Crashers resmoothified\.minecraft\journeymap\data\sp\Desertiaaa\waypoints
[14:20:21] [Render thread/INFO] [JourneymapClient] Mapping started in C:\Users\agent\AppData\Roaming\PrismLauncher\instances\Dungeon Crashers resmoothified\.minecraft\journeymap\data\sp\Desertiaaa\overworldmirror~overworld. Memory: 3750MB total, 956MB free 
[14:20:21] [Render thread/INFO] [ChatLog] JourneyMap: Press [J]
[14:53:21] [Render thread/INFO] [StatTimer] TileDrawStep.updateRegionTexture hit max count, 1000000
[14:54:52] [Render thread/INFO] [StatTimer] TileDrawStep.draw(low) hit max count, 1000000
[16:23:24] [JM-task-4/WARN] [SurfaceRenderer] Error rendering surface: 
journeymap.client.model.ChunkMD$ChunkMissingException: Chunk missing: [15, 30]
	at journeymap.client.model.ChunkMD.getChunk(ChunkMD.java:406) ~[journeymap-1.20.1-5.9.18p1-forge.jar%23194!/:1.20.1-5.9.18p1]
	at journeymap.client.model.ChunkMD.getPrecipitationHeight(ChunkMD.java:312) ~[journeymap-1.20.1-5.9.18p1-forge.jar%23194!/:1.20.1-5.9.18p1]
	at journeymap.client.model.ChunkMD.getPrecipitationHeight(ChunkMD.java:295) ~[journeymap-1.20.1-5.9.18p1-forge.jar%23194!/:1.20.1-5.9.18p1]
	at journeymap.client.cartography.render.SurfaceRenderer.renderSurface(SurfaceRenderer.java:178) ~[journeymap-1.20.1-5.9.18p1-forge.jar%23194!/:1.20.1-5.9.18p1]
	at journeymap.client.cartography.render.SurfaceRenderer.render(SurfaceRenderer.java:123) ~[journeymap-1.20.1-5.9.18p1-forge.jar%23194!/:1.20.1-5.9.18p1]
	at journeymap.client.cartography.render.SurfaceRenderer.render(SurfaceRenderer.java:93) ~[journeymap-1.20.1-5.9.18p1-forge.jar%23194!/:1.20.1-5.9.18p1]
	at journeymap.client.cartography.ChunkRenderController.renderChunk(ChunkRenderController.java:169) ~[journeymap-1.20.1-5.9.18p1-forge.jar%23194!/:1.20.1-5.9.18p1]
	at journeymap.client.task.multi.BaseMapTask.performTask(BaseMapTask.java:125) ~[journeymap-1.20.1-5.9.18p1-forge.jar%23194!/:1.20.1-5.9.18p1]
	at journeymap.client.task.multi.TaskBatch.performTask(TaskBatch.java:72) ~[journeymap-1.20.1-5.9.18p1-forge.jar%23194!/:1.20.1-5.9.18p1]
	at journeymap.client.task.multi.MapPlayerTask$MapPlayerTaskBatch.performTask(MapPlayerTask.java:424) ~[journeymap-1.20.1-5.9.18p1-forge.jar%23194!/:1.20.1-5.9.18p1]
	at journeymap.client.thread.RunnableTask$Inner.run(RunnableTask.java:77) ~[journeymap-1.20.1-5.9.18p1-forge.jar%23194!/:1.20.1-5.9.18p1]
	at java.util.concurrent.Executors$RunnableAdapter.call(Executors.java:539) ~[?:?]
	at java.util.concurrent.FutureTask.run(FutureTask.java:264) ~[?:?]
	at java.util.concurrent.ScheduledThreadPoolExecutor$ScheduledFutureTask.run(ScheduledThreadPoolExecutor.java:304) ~[?:?]
	at java.util.concurrent.ThreadPoolExecutor.runWorker(ThreadPoolExecutor.java:1136) ~[?:?]
	at java.util.concurrent.ThreadPoolExecutor$Worker.run(ThreadPoolExecutor.java:635) ~[?:?]
	at java.lang.Thread.run(Thread.java:842) ~[?:?]
[16:23:49] [Render thread/INFO] [JourneymapClient] Mapping halted in C:\Users\agent\AppData\Roaming\PrismLauncher\instances\Dungeon Crashers resmoothified\.minecraft\journeymap\data\mp\offline\overworldmirror:overworld
[16:23:53] [Server thread/INFO] [ForgeConfig] Loading JourneyMap Forge Configs
